[ 2018-06-21T10:58:36+08:00 ] 127.0.0.1 /index.php/Home/Goods/show
INFO: [ app_init ] --START--
INFO: Run Behavior\BuildLiteBehavior [ RunTime:0.000006s ]
INFO: [ app_init ] --END-- [ RunTime:0.000159s ]
ERR: 无法加载模块:Show

[ 2018-06-21T10:58:53+08:00 ] 127.0.0.1 /index.php/Home/Goods/show
INFO: [ app_init ] --START--
INFO: Run Behavior\BuildLiteBehavior [ RunTime:0.000006s ]
INFO: [ app_init ] --END-- [ RunTime:0.000161s ]
ERR: 无法加载模块:Show

[ 2018-06-21T10:58:58+08:00 ] 127.0.0.1 /index.php/Home/Index/show
INFO: [ app_init ] --START--
INFO: Run Behavior\BuildLiteBehavior [ RunTime:0.000005s ]
INFO: [ app_init ] --END-- [ RunTime:0.000151s ]
ERR: 无法加载模块:Show

[ 2018-06-21T11:00:47+08:00 ] 127.0.0.1 /index.php/Home/Index/show
INFO: [ app_init ] --START--
INFO: Run Behavior\BuildLiteBehavior [ RunTime:0.000006s ]
INFO: [ app_init ] --END-- [ RunTime:0.000223s ]
ERR: 无法加载模块:Show

[ 2018-06-21T11:01:17+08:00 ] 127.0.0.1 /index.php/Home/Index/show
INFO: [ app_init ] --START--
INFO: Run Behavior\BuildLiteBehavior [ RunTime:0.000007s ]
INFO: [ app_init ] --END-- [ RunTime:0.000238s ]
ERR: 无法加载模块:Show

[ 2018-06-21T11:01:18+08:00 ] 127.0.0.1 /index.php/Home/Index/show
INFO: [ app_init ] --START--
INFO: Run Behavior\BuildLiteBehavior [ RunTime:0.000005s ]
INFO: [ app_init ] --END-- [ RunTime:0.000202s ]
ERR: 无法加载模块:Show

[ 2018-06-21T11:02:04+08:00 ] 127.0.0.1 /index.php/Home/Index/show
INFO: [ app_init ] --START--
INFO: Run Behavior\BuildLiteBehavior [ RunTime:0.000008s ]
INFO: [ app_init ] --END-- [ RunTime:0.000206s ]
ERR: 无法加载模块:Show

[ 2018-06-21T11:02:08+08:00 ] 127.0.0.1 /index.php/Home/Index/show
INFO: [ app_init ] --START--
INFO: Run Behavior\BuildLiteBehavior [ RunTime:0.000007s ]
INFO: [ app_init ] --END-- [ RunTime:0.000221s ]
ERR: 无法加载模块:Show

[ 2018-06-21T11:02:09+08:00 ] 127.0.0.1 /index.php/Home/Index/show
INFO: [ app_init ] --START--
INFO: Run Behavior\BuildLiteBehavior [ RunTime:0.000006s ]
INFO: [ app_init ] --END-- [ RunTime:0.000158s ]
ERR: 无法加载模块:Show

[ 2018-06-21T11:02:09+08:00 ] 127.0.0.1 /index.php/Home/Index/show
INFO: [ app_init ] --START--
INFO: Run Behavior\BuildLiteBehavior [ RunTime:0.000006s ]
INFO: [ app_init ] --END-- [ RunTime:0.000255s ]
ERR: 无法加载模块:Show

[ 2018-06-21T11:02:10+08:00 ] 127.0.0.1 /index.php/Home/Index/show
INFO: [ app_init ] --START--
INFO: Run Behavior\BuildLiteBehavior [ RunTime:0.000009s ]
INFO: [ app_init ] --END-- [ RunTime:0.000216s ]
ERR: 无法加载模块:Show

[ 2018-06-21T11:02:10+08:00 ] 127.0.0.1 /index.php/Home/Index/show
INFO: [ app_init ] --START--
INFO: Run Behavior\BuildLiteBehavior [ RunTime:0.000005s ]
INFO: [ app_init ] --END-- [ RunTime:0.000206s ]
ERR: 无法加载模块:Show

[ 2018-06-21T11:02:10+08:00 ] 127.0.0.1 /index.php/Home/Index/show
INFO: [ app_init ] --START--
INFO: Run Behavior\BuildLiteBehavior [ RunTime:0.000006s ]
INFO: [ app_init ] --END-- [ RunTime:0.000186s ]
ERR: 无法加载模块:Show

[ 2018-06-21T11:02:20+08:00 ] 127.0.0.1 /index.php/Home
INFO: [ app_init ] --START--
INFO: Run Behavior\BuildLiteBehavior [ RunTime:0.000005s ]
INFO: [ app_init ] --END-- [ RunTime:0.000151s ]
ERR: 无法加载模块:INFO

[ 2018-06-21T11:04:16+08:00 ] 127.0.0.1 /index.php/Home
INFO: [ app_init ] --START--
INFO: Run Behavior\BuildLiteBehavior [ RunTime:0.000005s ]
INFO: [ app_init ] --END-- [ RunTime:0.000156s ]
ERR: 无法加载模块:INFO

[ 2018-06-21T11:04:17+08:00 ] 127.0.0.1 /index.php/Home
INFO: [ app_init ] --START--
INFO: Run Behavior\BuildLiteBehavior [ RunTime:0.000006s ]
INFO: [ app_init ] --END-- [ RunTime:0.000179s ]
ERR: 无法加载模块:INFO

[ 2018-06-21T11:04:17+08:00 ] 127.0.0.1 /index.php/Home
INFO: [ app_init ] --START--
INFO: Run Behavior\BuildLiteBehavior [ RunTime:0.000005s ]
INFO: [ app_init ] --END-- [ RunTime:0.000150s ]
ERR: 无法加载模块:INFO

[ 2018-06-21T11:04:17+08:00 ] 127.0.0.1 /index.php/Home
INFO: [ app_init ] --START--
INFO: Run Behavior\BuildLiteBehavior [ RunTime:0.000004s ]
INFO: [ app_init ] --END-- [ RunTime:0.000148s ]
ERR: 无法加载模块:INFO

[ 2018-06-21T11:05:16+08:00 ] 127.0.0.1 /index.php/Home
INFO: [ app_init ] --START--
INFO: Run Behavior\BuildLiteBehavior [ RunTime:0.000005s ]
INFO: [ app_init ] --END-- [ RunTime:0.000147s ]
ERR: 无法加载模块:INFO

[ 2018-06-21T11:05:16+08:00 ] 127.0.0.1 /index.php/Home
INFO: [ app_init ] --START--
INFO: Run Behavior\BuildLiteBehavior [ RunTime:0.000007s ]
INFO: [ app_init ] --END-- [ RunTime:0.000177s ]
ERR: 无法加载模块:INFO

[ 2018-06-21T11:05:17+08:00 ] 127.0.0.1 /index.php/Home
INFO: [ app_init ] --START--
INFO: Run Behavior\BuildLiteBehavior [ RunTime:0.000006s ]
INFO: [ app_init ] --END-- [ RunTime:0.000202s ]
ERR: 无法加载模块:INFO

[ 2018-06-21T11:05:36+08:00 ] 127.0.0.1 /index.php/Home
INFO: [ app_init ] --START--
INFO: Run Behavior\BuildLiteBehavior [ RunTime:0.000004s ]
INFO: [ app_init ] --END-- [ RunTime:0.000150s ]
ERR: 无法加载模块:INFO

[ 2018-06-21T11:05:37+08:00 ] 127.0.0.1 /index.php/Home
INFO: [ app_init ] --START--
INFO: Run Behavior\BuildLiteBehavior [ RunTime:0.000004s ]
INFO: [ app_init ] --END-- [ RunTime:0.000150s ]
ERR: 无法加载模块:INFO

[ 2018-06-21T11:07:19+08:00 ] 127.0.0.1 /index.php/Home
ERR: 无法加载模块:INFO

[ 2018-06-21T11:07:20+08:00 ] 127.0.0.1 /index.php/Home
ERR: 无法加载模块:INFO

[ 2018-06-21T11:07:21+08:00 ] 127.0.0.1 /index.php/Home
ERR: 无法加载模块:INFO

[ 2018-06-21T11:07:27+08:00 ] 127.0.0.1 /index.php/Home
INFO: [ app_init ] --START--
INFO: Run Behavior\BuildLiteBehavior [ RunTime:0.000009s ]
INFO: [ app_init ] --END-- [ RunTime:0.000227s ]
ERR: 无法加载模块:INFO

[ 2018-06-21T11:07:28+08:00 ] 127.0.0.1 /index.php/Home
INFO: [ app_init ] --START--
INFO: Run Behavior\BuildLiteBehavior [ RunTime:0.000012s ]
INFO: [ app_init ] --END-- [ RunTime:0.000275s ]
ERR: 无法加载模块:INFO

[ 2018-06-21T11:16:02+08:00 ] 127.0.0.1 /index.php/Home/Index/index
INFO: [ app_init ] --START--
INFO: Run Behavior\BuildLiteBehavior [ RunTime:0.000006s ]
INFO: [ app_init ] --END-- [ RunTime:0.000178s ]
ERR: 无法加载模块:Index

[ 2018-06-21T11:16:10+08:00 ] 127.0.0.1 /index.php/Home/Index/index
INFO: [ app_init ] --START--
INFO: Run Behavior\BuildLiteBehavior [ RunTime:0.000005s ]
INFO: [ app_init ] --END-- [ RunTime:0.000177s ]
ERR: 无法加载模块:Index

[ 2018-06-21T11:16:10+08:00 ] 127.0.0.1 /index.php/Home/Index/index
INFO: [ app_init ] --START--
INFO: Run Behavior\BuildLiteBehavior [ RunTime:0.000005s ]
INFO: [ app_init ] --END-- [ RunTime:0.000151s ]
ERR: 无法加载模块:Index

[ 2018-06-21T11:16:10+08:00 ] 127.0.0.1 /index.php/Home/Index/index
INFO: [ app_init ] --START--
INFO: Run Behavior\BuildLiteBehavior [ RunTime:0.000010s ]
INFO: [ app_init ] --END-- [ RunTime:0.000250s ]
ERR: 无法加载模块:Index

[ 2018-06-21T11:16:45+08:00 ] 127.0.0.1 /index.php/Home/Index/index
INFO: [ app_init ] --START--
INFO: Run Behavior\BuildLiteBehavior [ RunTime:0.000005s ]
INFO: [ app_init ] --END-- [ RunTime:0.000158s ]
ERR: 无法加载模块:Index

[ 2018-06-21T11:16:45+08:00 ] 127.0.0.1 /index.php/Home/Index/index
INFO: [ app_init ] --START--
INFO: Run Behavior\BuildLiteBehavior [ RunTime:0.000019s ]
INFO: [ app_init ] --END-- [ RunTime:0.000198s ]
ERR: 无法加载模块:Index

[ 2018-06-21T11:19:27+08:00 ] 127.0.0.1 /index.php/Home/Index/index
INFO: [ app_init ] --START--
INFO: Run Behavior\BuildLiteBehavior [ RunTime:0.000006s ]
INFO: [ app_init ] --END-- [ RunTime:0.000162s ]
ERR: 无法加载模块:Index

[ 2018-06-21T11:19:28+08:00 ] 127.0.0.1 /index.php/Home/Index/index
INFO: [ app_init ] --START--
INFO: Run Behavior\BuildLiteBehavior [ RunTime:0.000006s ]
INFO: [ app_init ] --END-- [ RunTime:0.000159s ]
ERR: 无法加载模块:Index

[ 2018-06-21T11:19:36+08:00 ] 127.0.0.1 /index.php/Home
INFO: [ app_init ] --START--
INFO: Run Behavior\BuildLiteBehavior [ RunTime:0.000006s ]
INFO: [ app_init ] --END-- [ RunTime:0.000152s ]
ERR: 无法加载模块:INFO

[ 2018-06-21T11:19:57+08:00 ] 127.0.0.1 /index.php/Home
INFO: [ app_init ] --START--
INFO: Run Behavior\BuildLiteBehavior [ RunTime:0.000005s ]
INFO: [ app_init ] --END-- [ RunTime:0.000148s ]
ERR: 无法加载模块:INFO

[ 2018-06-21T11:20:00+08:00 ] 127.0.0.1 /index.php/Home
INFO: [ app_init ] --START--
INFO: Run Behavior\BuildLiteBehavior [ RunTime:0.000005s ]
INFO: [ app_init ] --END-- [ RunTime:0.000152s ]
ERR: 无法加载模块:INFO

[ 2018-06-21T11:20:00+08:00 ] 127.0.0.1 /index.php/Home
INFO: [ app_init ] --START--
INFO: Run Behavior\BuildLiteBehavior [ RunTime:0.000005s ]
INFO: [ app_init ] --END-- [ RunTime:0.000155s ]
ERR: 无法加载模块:INFO

[ 2018-06-21T11:20:00+08:00 ] 127.0.0.1 /index.php/Home
INFO: [ app_init ] --START--
INFO: Run Behavior\BuildLiteBehavior [ RunTime:0.000006s ]
INFO: [ app_init ] --END-- [ RunTime:0.000169s ]
ERR: 无法加载模块:INFO

[ 2018-06-21T11:20:10+08:00 ] 127.0.0.1 /index.php/Home
INFO: [ app_init ] --START--
INFO: Run Behavior\BuildLiteBehavior [ RunTime:0.000005s ]
INFO: [ app_init ] --END-- [ RunTime:0.000165s ]
ERR: 无法加载模块:INFO

[ 2018-06-21T11:20:10+08:00 ] 127.0.0.1 /index.php/Home
INFO: [ app_init ] --START--
INFO: Run Behavior\BuildLiteBehavior [ RunTime:0.000006s ]
INFO: [ app_init ] --END-- [ RunTime:0.000173s ]
ERR: 无法加载模块:INFO

[ 2018-06-21T11:20:10+08:00 ] 127.0.0.1 /index.php/Home
INFO: [ app_init ] --START--
INFO: Run Behavior\BuildLiteBehavior [ RunTime:0.000006s ]
INFO: [ app_init ] --END-- [ RunTime:0.000150s ]
ERR: 无法加载模块:INFO

[ 2018-06-21T11:20:10+08:00 ] 127.0.0.1 /index.php/Home
INFO: [ app_init ] --START--
INFO: Run Behavior\BuildLiteBehavior [ RunTime:0.000005s ]
INFO: [ app_init ] --END-- [ RunTime:0.000150s ]
ERR: 无法加载模块:INFO

[ 2018-06-21T11:20:11+08:00 ] 127.0.0.1 /index.php/Home
INFO: [ app_init ] --START--
INFO: Run Behavior\BuildLiteBehavior [ RunTime:0.000006s ]
INFO: [ app_init ] --END-- [ RunTime:0.000166s ]
ERR: 无法加载模块:INFO

[ 2018-06-21T11:20:11+08:00 ] 127.0.0.1 /index.php/Home
INFO: [ app_init ] --START--
INFO: Run Behavior\BuildLiteBehavior [ RunTime:0.000005s ]
INFO: [ app_init ] --END-- [ RunTime:0.000162s ]
ERR: 无法加载模块:INFO

[ 2018-06-21T11:20:11+08:00 ] 127.0.0.1 /index.php/Home
INFO: [ app_init ] --START--
INFO: Run Behavior\BuildLiteBehavior [ RunTime:0.000016s ]
INFO: [ app_init ] --END-- [ RunTime:0.000204s ]
ERR: 无法加载模块:INFO

[ 2018-06-21T11:20:11+08:00 ] 127.0.0.1 /index.php/Home
INFO: [ app_init ] --START--
INFO: Run Behavior\BuildLiteBehavior [ RunTime:0.000006s ]
INFO: [ app_init ] --END-- [ RunTime:0.000170s ]
ERR: 无法加载模块:INFO

[ 2018-06-21T11:20:11+08:00 ] 127.0.0.1 /index.php/Home
INFO: [ app_init ] --START--
INFO: Run Behavior\BuildLiteBehavior [ RunTime:0.000005s ]
INFO: [ app_init ] --END-- [ RunTime:0.000150s ]
ERR: 无法加载模块:INFO

[ 2018-06-21T11:20:12+08:00 ] 127.0.0.1 /index.php/Home
INFO: [ app_init ] --START--
INFO: Run Behavior\BuildLiteBehavior [ RunTime:0.000005s ]
INFO: [ app_init ] --END-- [ RunTime:0.000155s ]
ERR: 无法加载模块:INFO

[ 2018-06-21T11:20:12+08:00 ] 127.0.0.1 /index.php/Home
INFO: [ app_init ] --START--
INFO: Run Behavior\BuildLiteBehavior [ RunTime:0.000006s ]
INFO: [ app_init ] --END-- [ RunTime:0.000182s ]
ERR: 无法加载模块:INFO

[ 2018-06-21T11:20:12+08:00 ] 127.0.0.1 /index.php/Home
INFO: [ app_init ] --START--
INFO: Run Behavior\BuildLiteBehavior [ RunTime:0.000007s ]
INFO: [ app_init ] --END-- [ RunTime:0.000184s ]
ERR: 无法加载模块:INFO

[ 2018-06-21T11:20:12+08:00 ] 127.0.0.1 /index.php/Home
INFO: [ app_init ] --START--
INFO: Run Behavior\BuildLiteBehavior [ RunTime:0.000007s ]
INFO: [ app_init ] --END-- [ RunTime:0.000179s ]
ERR: 无法加载模块:INFO

[ 2018-06-21T11:20:12+08:00 ] 127.0.0.1 /index.php/Home
INFO: [ app_init ] --START--
INFO: Run Behavior\BuildLiteBehavior [ RunTime:0.000005s ]
INFO: [ app_init ] --END-- [ RunTime:0.000152s ]
ERR: 无法加载模块:INFO

[ 2018-06-21T11:20:13+08:00 ] 127.0.0.1 /index.php/Home
INFO: [ app_init ] --START--
INFO: Run Behavior\BuildLiteBehavior [ RunTime:0.000006s ]
INFO: [ app_init ] --END-- [ RunTime:0.000178s ]
ERR: 无法加载模块:INFO

[ 2018-06-21T11:20:13+08:00 ] 127.0.0.1 /index.php/Home
INFO: [ app_init ] --START--
INFO: Run Behavior\BuildLiteBehavior [ RunTime:0.000005s ]
INFO: [ app_init ] --END-- [ RunTime:0.000151s ]
ERR: 无法加载模块:INFO

[ 2018-06-21T11:21:43+08:00 ] 127.0.0.1 /index.php/Home
INFO: [ app_init ] --START--
INFO: Run Behavior\BuildLiteBehavior [ RunTime:0.000006s ]
INFO: [ app_init ] --END-- [ RunTime:0.000183s ]
ERR: 无法加载模块:INFO

[ 2018-06-21T11:21:43+08:00 ] 127.0.0.1 /index.php/Home
INFO: [ app_init ] --START--
INFO: Run Behavior\BuildLiteBehavior [ RunTime:0.000006s ]
INFO: [ app_init ] --END-- [ RunTime:0.000161s ]
ERR: 无法加载模块:INFO

[ 2018-06-21T11:21:57+08:00 ] 127.0.0.1 /index.php/Home/Index/index
INFO: [ app_init ] --START--
INFO: Run Behavior\BuildLiteBehavior [ RunTime:0.000006s ]
INFO: [ app_init ] --END-- [ RunTime:0.000158s ]
ERR: 无法加载模块:Index

[ 2018-06-21T11:22:22+08:00 ] 127.0.0.1 /index.php/Home/Index/index
INFO: [ app_init ] --START--
INFO: Run Behavior\BuildLiteBehavior [ RunTime:0.000005s ]
INFO: [ app_init ] --END-- [ RunTime:0.000150s ]
ERR: 无法加载模块:Index

[ 2018-06-21T11:22:30+08:00 ] 127.0.0.1 /index.php/Home/Index/index
INFO: [ app_init ] --START--
INFO: Run Behavior\BuildLiteBehavior [ RunTime:0.000005s ]
INFO: [ app_init ] --END-- [ RunTime:0.000163s ]
ERR: 无法加载模块:Index

[ 2018-06-21T11:22:30+08:00 ] 127.0.0.1 /index.php/Home/Index/index
INFO: [ app_init ] --START--
INFO: Run Behavior\BuildLiteBehavior [ RunTime:0.000006s ]
INFO: [ app_init ] --END-- [ RunTime:0.000156s ]
ERR: 无法加载模块:Index

[ 2018-06-21T11:22:30+08:00 ] 127.0.0.1 /index.php/Home/Index/index
INFO: [ app_init ] --START--
INFO: Run Behavior\BuildLiteBehavior [ RunTime:0.000006s ]
INFO: [ app_init ] --END-- [ RunTime:0.000153s ]
ERR: 无法加载模块:Index

[ 2018-06-21T11:22:31+08:00 ] 127.0.0.1 /index.php/Home/Index/index
INFO: [ app_init ] --START--
INFO: Run Behavior\BuildLiteBehavior [ RunTime:0.000005s ]
INFO: [ app_init ] --END-- [ RunTime:0.000155s ]
ERR: 无法加载模块:Index

[ 2018-06-21T11:25:01+08:00 ] 127.0.0.1 /index.php/Home/Index/index
INFO: [ app_init ] --START--
INFO: Run Behavior\BuildLiteBehavior [ RunTime:0.000005s ]
INFO: [ app_init ] --END-- [ RunTime:0.000159s ]
ERR: 无法加载模块:Index

[ 2018-06-21T11:25:02+08:00 ] 127.0.0.1 /index.php/Home/Index/index
INFO: [ app_init ] --START--
INFO: Run Behavior\BuildLiteBehavior [ RunTime:0.000005s ]
INFO: [ app_init ] --END-- [ RunTime:0.000155s ]
ERR: 无法加载模块:Index

[ 2018-06-21T11:25:02+08:00 ] 127.0.0.1 /index.php/Home/Index/index
INFO: [ app_init ] --START--
INFO: Run Behavior\BuildLiteBehavior [ RunTime:0.000005s ]
INFO: [ app_init ] --END-- [ RunTime:0.000153s ]
ERR: 无法加载模块:Index

[ 2018-06-21T11:25:30+08:00 ] 127.0.0.1 /index.php/Home/Index/index
INFO: [ app_init ] --START--
INFO: Run Behavior\BuildLiteBehavior [ RunTime:0.000005s ]
INFO: [ app_init ] --END-- [ RunTime:0.000146s ]
ERR: 无法加载模块:Index

[ 2018-06-21T11:25:30+08:00 ] 127.0.0.1 /index.php/Home/Index/index
INFO: [ app_init ] --START--
INFO: Run Behavior\BuildLiteBehavior [ RunTime:0.000005s ]
INFO: [ app_init ] --END-- [ RunTime:0.000154s ]
ERR: 无法加载模块:Index

[ 2018-06-21T11:25:30+08:00 ] 127.0.0.1 /index.php/Home/Index/index
INFO: [ app_init ] --START--
INFO: Run Behavior\BuildLiteBehavior [ RunTime:0.000005s ]
INFO: [ app_init ] --END-- [ RunTime:0.000150s ]
ERR: 无法加载模块:Index

[ 2018-06-21T11:25:36+08:00 ] 127.0.0.1 /index.php/Home/Index/index
INFO: [ app_init ] --START--
INFO: Run Behavior\BuildLiteBehavior [ RunTime:0.000005s ]
INFO: [ app_init ] --END-- [ RunTime:0.000151s ]
ERR: 无法加载模块:Index

[ 2018-06-21T11:25:37+08:00 ] 127.0.0.1 /index.php/Home/Index/index
INFO: [ app_init ] --START--
INFO: Run Behavior\BuildLiteBehavior [ RunTime:0.000006s ]
INFO: [ app_init ] --END-- [ RunTime:0.000159s ]
ERR: 无法加载模块:Index

[ 2018-06-21T11:26:19+08:00 ] 127.0.0.1 /index.php/Home/Index/index
INFO: [ app_init ] --START--
INFO: Run Behavior\BuildLiteBehavior [ RunTime:0.000006s ]
INFO: [ app_init ] --END-- [ RunTime:0.000171s ]
ERR: 无法加载模块:Index

[ 2018-06-21T11:28:01+08:00 ] 127.0.0.1 /index.php/Home/Goods/index
INFO: [ app_init ] --START--
INFO: Run Behavior\BuildLiteBehavior [ RunTime:0.000005s ]
INFO: [ app_init ] --END-- [ RunTime:0.000161s ]
ERR: 无法加载模块:Index

[ 2018-06-21T11:33:27+08:00 ] 127.0.0.1 /index.php/Home/Index/index
INFO: [ app_init ] --START--
INFO: Run Behavior\BuildLiteBehavior [ RunTime:0.000005s ]
INFO: [ app_init ] --END-- [ RunTime:0.000189s ]
ERR: 无法加载模块:Index

[ 2018-06-21T11:33:28+08:00 ] 127.0.0.1 /index.php/Home/Index/index
INFO: [ app_init ] --START--
INFO: Run Behavior\BuildLiteBehavior [ RunTime:0.000006s ]
INFO: [ app_init ] --END-- [ RunTime:0.000162s ]
ERR: 无法加载模块:Index

[ 2018-06-21T11:33:38+08:00 ] 127.0.0.1 /index.php/Home/show
INFO: [ app_init ] --START--
INFO: Run Behavior\BuildLiteBehavior [ RunTime:0.000006s ]
INFO: [ app_init ] --END-- [ RunTime:0.000171s ]
ERR: 无法加载模块:PATH_INFO

[ 2018-06-21T11:34:58+08:00 ] 127.0.0.1 /index.php/Home
INFO: [ app_init ] --START--
INFO: Run Behavior\BuildLiteBehavior [ RunTime:0.000004s ]
INFO: [ app_init ] --END-- [ RunTime:0.000175s ]
ERR: 无法加载模块:INFO

[ 2018-06-21T11:37:04+08:00 ] 127.0.0.1 /index.php/Home
INFO: [ app_init ] --START--
INFO: Run Behavior\BuildLiteBehavior [ RunTime:0.000006s ]
INFO: [ app_init ] --END-- [ RunTime:0.000172s ]
ERR: 无法加载模块:INFO

[ 2018-06-21T11:37:12+08:00 ] 127.0.0.1 /index.php/Home/Index/index
INFO: [ app_init ] --START--
INFO: Run Behavior\BuildLiteBehavior [ RunTime:0.000006s ]
INFO: [ app_init ] --END-- [ RunTime:0.000164s ]
ERR: 无法加载模块:Index

[ 2018-06-21T11:37:45+08:00 ] 127.0.0.1 /index.php/Home/Goods/index
INFO: [ app_init ] --START--
INFO: Run Behavior\BuildLiteBehavior [ RunTime:0.000009s ]
INFO: [ app_init ] --END-- [ RunTime:0.000222s ]
ERR: 无法加载模块:Index

[ 2018-06-21T11:37:56+08:00 ] 127.0.0.1 /index.php/Admin
INFO: [ app_init ] --START--
INFO: Run Behavior\BuildLiteBehavior [ RunTime:0.000005s ]
INFO: [ app_init ] --END-- [ RunTime:0.000158s ]
ERR: 无法加载模块:_INFO

[ 2018-06-21T11:37:59+08:00 ] 127.0.0.1 /index.php/Admin/Index
INFO: [ app_init ] --START--
INFO: Run Behavior\BuildLiteBehavior [ RunTime:0.000008s ]
INFO: [ app_init ] --END-- [ RunTime:0.000252s ]
ERR: 无法加载模块:X

[ 2018-06-21T11:38:18+08:00 ] 127.0.0.1 /index.php/Admin/Index
INFO: [ app_init ] --START--
INFO: Run Behavior\BuildLiteBehavior [ RunTime:0.000006s ]
INFO: [ app_init ] --END-- [ RunTime:0.000156s ]
ERR: 无法加载模块:X

[ 2018-06-21T11:38:43+08:00 ] 127.0.0.1 /index.php/Admin/Index
INFO: [ app_init ] --START--
INFO: Run Behavior\BuildLiteBehavior [ RunTime:0.000006s ]
INFO: [ app_init ] --END-- [ RunTime:0.000170s ]
ERR: 无法加载模块:X

[ 2018-06-21T11:38:47+08:00 ] 127.0.0.1 /index.php/Admin/Index/index
INFO: [ app_init ] --START--
INFO: Run Behavior\BuildLiteBehavior [ RunTime:0.000008s ]
INFO: [ app_init ] --END-- [ RunTime:0.000309s ]
ERR: 无法加载模块:X

[ 2018-06-21T11:38:50+08:00 ] 127.0.0.1 /index.php/Admin/
INFO: [ app_init ] --START--
INFO: Run Behavior\BuildLiteBehavior [ RunTime:0.000005s ]
INFO: [ app_init ] --END-- [ RunTime:0.000153s ]
ERR: 无法加载模块:X

[ 2018-06-21T11:46:37+08:00 ] 127.0.0.1 /index.php/Admin/User/index
INFO: [ app_init ] --START--
INFO: Run Behavior\BuildLiteBehavior [ RunTime:0.000005s ]
INFO: [ app_init ] --END-- [ RunTime:0.000155s ]
ERR: 无法加载模块:Index

[ 2018-06-21T11:46:42+08:00 ] 127.0.0.1 /index.php/Home
INFO: [ app_init ] --START--
INFO: Run Behavior\BuildLiteBehavior [ RunTime:0.000006s ]
INFO: [ app_init ] --END-- [ RunTime:0.000161s ]
ERR: 无法加载模块:INFO

[ 2018-06-21T11:49:28+08:00 ] 127.0.0.1 /index.php/Home
INFO: [ app_init ] --START--
INFO: Run Behavior\BuildLiteBehavior [ RunTime:0.000005s ]
INFO: [ app_init ] --END-- [ RunTime:0.000158s ]
ERR: 无法加载模块:INFO

[ 2018-06-21T11:49:31+08:00 ] 127.0.0.1 /index.php/Home
INFO: [ app_init ] --START--
INFO: Run Behavior\BuildLiteBehavior [ RunTime:0.000007s ]
INFO: [ app_init ] --END-- [ RunTime:0.000255s ]
ERR: 无法加载模块:INFO

[ 2018-06-21T11:50:52+08:00 ] 127.0.0.1 /index.php/Home
INFO: [ app_init ] --START--
INFO: Run Behavior\BuildLiteBehavior [ RunTime:0.000006s ]
INFO: [ app_init ] --END-- [ RunTime:0.000184s ]
ERR: 无法加载模块:INFO

[ 2018-06-21T11:50:52+08:00 ] 127.0.0.1 /index.php/Home
INFO: [ app_init ] --START--
INFO: Run Behavior\BuildLiteBehavior [ RunTime:0.000005s ]
INFO: [ app_init ] --END-- [ RunTime:0.000151s ]
ERR: 无法加载模块:INFO

[ 2018-06-21T11:51:52+08:00 ] 127.0.0.1 /index.php/Home
INFO: [ app_init ] --START--
INFO: Run Behavior\BuildLiteBehavior [ RunTime:0.000007s ]
INFO: [ app_init ] --END-- [ RunTime:0.000308s ]
ERR: 无法加载模块:INFO

[ 2018-06-21T11:52:00+08:00 ] 127.0.0.1 /index.php/Home
INFO: [ app_init ] --START--
INFO: Run Behavior\BuildLiteBehavior [ RunTime:0.000005s ]
INFO: [ app_init ] --END-- [ RunTime:0.000158s ]
ERR: 无法加载模块:INFO

[ 2018-06-21T11:52:01+08:00 ] 127.0.0.1 /index.php/Home
INFO: [ app_init ] --START--
INFO: Run Behavior\BuildLiteBehavior [ RunTime:0.000006s ]
INFO: [ app_init ] --END-- [ RunTime:0.000165s ]
ERR: 无法加载模块:INFO

[ 2018-06-21T11:52:01+08:00 ] 127.0.0.1 /index.php/Home
INFO: [ app_init ] --START--
INFO: Run Behavior\BuildLiteBehavior [ RunTime:0.000006s ]
INFO: [ app_init ] --END-- [ RunTime:0.000157s ]
ERR: 无法加载模块:INFO

[ 2018-06-21T11:52:01+08:00 ] 127.0.0.1 /index.php/Home
INFO: [ app_init ] --START--
INFO: Run Behavior\BuildLiteBehavior [ RunTime:0.000019s ]
INFO: [ app_init ] --END-- [ RunTime:0.000257s ]
ERR: 无法加载模块:INFO

[ 2018-06-21T11:52:01+08:00 ] 127.0.0.1 /index.php/Home
INFO: [ app_init ] --START--
INFO: Run Behavior\BuildLiteBehavior [ RunTime:0.000008s ]
INFO: [ app_init ] --END-- [ RunTime:0.000188s ]
ERR: 无法加载模块:INFO

[ 2018-06-21T11:52:01+08:00 ] 127.0.0.1 /index.php/Home
INFO: [ app_init ] --START--
INFO: Run Behavior\BuildLiteBehavior [ RunTime:0.000005s ]
INFO: [ app_init ] --END-- [ RunTime:0.000155s ]
ERR: 无法加载模块:INFO

[ 2018-06-21T11:52:13+08:00 ] 127.0.0.1 /index.php/Home/Goods/index
INFO: [ app_init ] --START--
INFO: Run Behavior\BuildLiteBehavior [ RunTime:0.000006s ]
INFO: [ app_init ] --END-- [ RunTime:0.000158s ]
ERR: 无法加载模块:Index

[ 2018-06-21T11:52:23+08:00 ] 127.0.0.1 /index.php/Home/Index/index
INFO: [ app_init ] --START--
INFO: Run Behavior\BuildLiteBehavior [ RunTime:0.000006s ]
INFO: [ app_init ] --END-- [ RunTime:0.000163s ]
ERR: 无法加载模块:Index

[ 2018-06-21T11:52:48+08:00 ] 127.0.0.1 /index.php/Home/Index/index
INFO: [ app_init ] --START--
INFO: Run Behavior\BuildLiteBehavior [ RunTime:0.000006s ]
INFO: [ app_init ] --END-- [ RunTime:0.000180s ]
ERR: 无法加载模块:Index

[ 2018-06-21T11:52:52+08:00 ] 127.0.0.1 /index.php/Home/Index/show
INFO: [ app_init ] --START--
INFO: Run Behavior\BuildLiteBehavior [ RunTime:0.000008s ]
INFO: [ app_init ] --END-- [ RunTime:0.000269s ]
ERR: 无法加载模块:Show

[ 2018-06-21T11:52:57+08:00 ] 127.0.0.1 /index.php/Home/Index/show
INFO: [ app_init ] --START--
INFO: Run Behavior\BuildLiteBehavior [ RunTime:0.000008s ]
INFO: [ app_init ] --END-- [ RunTime:0.000278s ]
ERR: 无法加载模块:Show

[ 2018-06-21T11:55:09+08:00 ] 127.0.0.1 /index.php/Home
INFO: [ app_init ] --START--
INFO: Run Behavior\BuildLiteBehavior [ RunTime:0.000006s ]
INFO: [ app_init ] --END-- [ RunTime:0.000227s ]
ERR: 无法加载模块:INFO

[ 2018-06-21T11:55:16+08:00 ] 127.0.0.1 /index.php/Home/Index/index
INFO: [ app_init ] --START--
INFO: Run Behavior\BuildLiteBehavior [ RunTime:0.000006s ]
INFO: [ app_init ] --END-- [ RunTime:0.000161s ]
ERR: 无法加载模块:Index

[ 2018-06-21T11:55:47+08:00 ] 127.0.0.1 /index.php/Home/Index/index
INFO: [ app_init ] --START--
INFO: Run Behavior\BuildLiteBehavior [ RunTime:0.000007s ]
INFO: [ app_init ] --END-- [ RunTime:0.000178s ]
ERR: 无法加载模块:Index

[ 2018-06-21T12:01:21+08:00 ] 127.0.0.1 /index.php/Home/Index/index
INFO: [ app_init ] --START--
INFO: Run Behavior\BuildLiteBehavior [ RunTime:0.000007s ]
INFO: [ app_init ] --END-- [ RunTime:0.000229s ]
ERR: 无法加载模块:Index

[ 2018-06-21T12:01:24+08:00 ] 127.0.0.1 /index.php/Home/Index/index
INFO: [ app_init ] --START--
INFO: Run Behavior\BuildLiteBehavior [ RunTime:0.000005s ]
INFO: [ app_init ] --END-- [ RunTime:0.000156s ]
ERR: 无法加载模块:Index

[ 2018-06-21T12:01:24+08:00 ] 127.0.0.1 /index.php/Home/Index/index
INFO: [ app_init ] --START--
INFO: Run Behavior\BuildLiteBehavior [ RunTime:0.000005s ]
INFO: [ app_init ] --END-- [ RunTime:0.000160s ]
ERR: 无法加载模块:Index

[ 2018-06-21T12:01:24+08:00 ] 127.0.0.1 /index.php/Home/Index/index
INFO: [ app_init ] --START--
INFO: Run Behavior\BuildLiteBehavior [ RunTime:0.000007s ]
INFO: [ app_init ] --END-- [ RunTime:0.000211s ]
ERR: 无法加载模块:Index

[ 2018-06-21T12:01:24+08:00 ] 127.0.0.1 /index.php/Home/Index/index
INFO: [ app_init ] --START--
INFO: Run Behavior\BuildLiteBehavior [ RunTime:0.000006s ]
INFO: [ app_init ] --END-- [ RunTime:0.000209s ]
ERR: 无法加载模块:Index

[ 2018-06-21T12:04:39+08:00 ] 127.0.0.1 /index.php/Home/Index/show
INFO: [ app_init ] --START--
INFO: Run Behavior\BuildLiteBehavior [ RunTime:0.000006s ]
INFO: [ app_init ] --END-- [ RunTime:0.000185s ]
ERR: 无法加载模块:Show

[ 2018-06-21T12:05:12+08:00 ] 127.0.0.1 /index.php/Home/Index/show
INFO: [ app_init ] --START--
INFO: Run Behavior\BuildLiteBehavior [ RunTime:0.000007s ]
INFO: [ app_init ] --END-- [ RunTime:0.000183s ]
ERR: 无法加载模块:Show

[ 2018-06-21T12:10:06+08:00 ] 127.0.0.1 /index.php/Home/Index/show
INFO: [ app_init ] --START--
INFO: Run Behavior\BuildLiteBehavior [ RunTime:0.000006s ]
INFO: [ app_init ] --END-- [ RunTime:0.000187s ]
ERR: 无法加载模块:Show

[ 2018-06-21T12:10:06+08:00 ] 127.0.0.1 /index.php/Home/Index/show
INFO: [ app_init ] --START--
INFO: Run Behavior\BuildLiteBehavior [ RunTime:0.000006s ]
INFO: [ app_init ] --END-- [ RunTime:0.000179s ]
ERR: 无法加载模块:Show

[ 2018-06-21T12:10:06+08:00 ] 127.0.0.1 /index.php/Home/Index/show
INFO: [ app_init ] --START--
INFO: Run Behavior\BuildLiteBehavior [ RunTime:0.000006s ]
INFO: [ app_init ] --END-- [ RunTime:0.000174s ]
ERR: 无法加载模块:Show

[ 2018-06-21T12:10:07+08:00 ] 127.0.0.1 /index.php/Home/Index/show
INFO: [ app_init ] --START--
INFO: Run Behavior\BuildLiteBehavior [ RunTime:0.000005s ]
INFO: [ app_init ] --END-- [ RunTime:0.000167s ]
ERR: 无法加载模块:Show

[ 2018-06-21T12:10:07+08:00 ] 127.0.0.1 /index.php/Home/Index/show
INFO: [ app_init ] --START--
INFO: Run Behavior\BuildLiteBehavior [ RunTime:0.000006s ]
INFO: [ app_init ] --END-- [ RunTime:0.000166s ]
ERR: 无法加载模块:Show

[ 2018-06-21T12:10:07+08:00 ] 127.0.0.1 /index.php/Home/Index/show
INFO: [ app_init ] --START--
INFO: Run Behavior\BuildLiteBehavior [ RunTime:0.000006s ]
INFO: [ app_init ] --END-- [ RunTime:0.000162s ]
ERR: 无法加载模块:Show

[ 2018-06-21T12:10:07+08:00 ] 127.0.0.1 /index.php/Home/Index/show
INFO: [ app_init ] --START--
INFO: Run Behavior\BuildLiteBehavior [ RunTime:0.000006s ]
INFO: [ app_init ] --END-- [ RunTime:0.000185s ]
ERR: 无法加载模块:Show

[ 2018-06-21T12:10:07+08:00 ] 127.0.0.1 /index.php/Home/Index/show
INFO: [ app_init ] --START--
INFO: Run Behavior\BuildLiteBehavior [ RunTime:0.000006s ]
INFO: [ app_init ] --END-- [ RunTime:0.000199s ]
ERR: 无法加载模块:Show

[ 2018-06-21T12:10:08+08:00 ] 127.0.0.1 /index.php/Home/Index/show
INFO: [ app_init ] --START--
INFO: Run Behavior\BuildLiteBehavior [ RunTime:0.000006s ]
INFO: [ app_init ] --END-- [ RunTime:0.000200s ]
ERR: 无法加载模块:Show

[ 2018-06-21T12:10:11+08:00 ] 127.0.0.1 /index.php/Home/Index/show
INFO: [ app_init ] --START--
INFO: Run Behavior\BuildLiteBehavior [ RunTime:0.000006s ]
INFO: [ app_init ] --END-- [ RunTime:0.000166s ]
ERR: 无法加载模块:Show

[ 2018-06-21T12:10:11+08:00 ] 127.0.0.1 /index.php/Home/Index/show
INFO: [ app_init ] --START--
INFO: Run Behavior\BuildLiteBehavior [ RunTime:0.000007s ]
INFO: [ app_init ] --END-- [ RunTime:0.000185s ]
ERR: 无法加载模块:Show

[ 2018-06-21T12:10:11+08:00 ] 127.0.0.1 /index.php/Home/Index/show
INFO: [ app_init ] --START--
INFO: Run Behavior\BuildLiteBehavior [ RunTime:0.000007s ]
INFO: [ app_init ] --END-- [ RunTime:0.000186s ]
ERR: 无法加载模块:Show

[ 2018-06-21T12:10:11+08:00 ] 127.0.0.1 /index.php/Home/Index/show
INFO: [ app_init ] --START--
INFO: Run Behavior\BuildLiteBehavior [ RunTime:0.000006s ]
INFO: [ app_init ] --END-- [ RunTime:0.000219s ]
ERR: 无法加载模块:Show

[ 2018-06-21T12:10:11+08:00 ] 127.0.0.1 /index.php/Home/Index/show
INFO: [ app_init ] --START--
INFO: Run Behavior\BuildLiteBehavior [ RunTime:0.000008s ]
INFO: [ app_init ] --END-- [ RunTime:0.000258s ]
ERR: 无法加载模块:Show

[ 2018-06-21T12:10:12+08:00 ] 127.0.0.1 /index.php/Home/Index/show
INFO: [ app_init ] --START--
INFO: Run Behavior\BuildLiteBehavior [ RunTime:0.000007s ]
INFO: [ app_init ] --END-- [ RunTime:0.000176s ]
ERR: 无法加载模块:Show

[ 2018-06-21T12:10:12+08:00 ] 127.0.0.1 /index.php/Home/Index/show
INFO: [ app_init ] --START--
INFO: Run Behavior\BuildLiteBehavior [ RunTime:0.000006s ]
INFO: [ app_init ] --END-- [ RunTime:0.000180s ]
ERR: 无法加载模块:Show

[ 2018-06-21T12:10:12+08:00 ] 127.0.0.1 /index.php/Home/Index/show
INFO: [ app_init ] --START--
INFO: Run Behavior\BuildLiteBehavior [ RunTime:0.000006s ]
INFO: [ app_init ] --END-- [ RunTime:0.000185s ]
ERR: 无法加载模块:Show

[ 2018-06-21T12:10:12+08:00 ] 127.0.0.1 /index.php/Home/Index/show
INFO: [ app_init ] --START--
INFO: Run Behavior\BuildLiteBehavior [ RunTime:0.000006s ]
INFO: [ app_init ] --END-- [ RunTime:0.000218s ]
ERR: 无法加载模块:Show

[ 2018-06-21T12:10:12+08:00 ] 127.0.0.1 /index.php/Home/Index/show
INFO: [ app_init ] --START--
INFO: Run Behavior\BuildLiteBehavior [ RunTime:0.000005s ]
INFO: [ app_init ] --END-- [ RunTime:0.000174s ]
ERR: 无法加载模块:Show

[ 2018-06-21T12:10:13+08:00 ] 127.0.0.1 /index.php/Home/Index/show
INFO: [ app_init ] --START--
INFO: Run Behavior\BuildLiteBehavior [ RunTime:0.000006s ]
INFO: [ app_init ] --END-- [ RunTime:0.000171s ]
ERR: 无法加载模块:Show

[ 2018-06-21T12:10:13+08:00 ] 127.0.0.1 /index.php/Home/Index/show
INFO: [ app_init ] --START--
INFO: Run Behavior\BuildLiteBehavior [ RunTime:0.000006s ]
INFO: [ app_init ] --END-- [ RunTime:0.000176s ]
ERR: 无法加载模块:Show

[ 2018-06-21T12:10:13+08:00 ] 127.0.0.1 /index.php/Home/Index/show
INFO: [ app_init ] --START--
INFO: Run Behavior\BuildLiteBehavior [ RunTime:0.000006s ]
INFO: [ app_init ] --END-- [ RunTime:0.000157s ]
ERR: 无法加载模块:Show

[ 2018-06-21T12:10:13+08:00 ] 127.0.0.1 /index.php/Home/Index/show
INFO: [ app_init ] --START--
INFO: Run Behavior\BuildLiteBehavior [ RunTime:0.000005s ]
INFO: [ app_init ] --END-- [ RunTime:0.000174s ]
ERR: 无法加载模块:Show

[ 2018-06-21T12:10:53+08:00 ] 127.0.0.1 /index.php/Home/Index/index
INFO: [ app_init ] --START--
INFO: Run Behavior\BuildLiteBehavior [ RunTime:0.000005s ]
INFO: [ app_init ] --END-- [ RunTime:0.000179s ]
ERR: 无法加载模块:Index

[ 2018-06-21T12:11:12+08:00 ] 127.0.0.1 /index.php/Home/Index/index
INFO: [ app_init ] --START--
INFO: Run Behavior\BuildLiteBehavior [ RunTime:0.000008s ]
INFO: [ app_init ] --END-- [ RunTime:0.000193s ]
ERR: 无法加载模块:Index

[ 2018-06-21T12:11:13+08:00 ] 127.0.0.1 /index.php/Home/Index/index
INFO: [ app_init ] --START--
INFO: Run Behavior\BuildLiteBehavior [ RunTime:0.000008s ]
INFO: [ app_init ] --END-- [ RunTime:0.000253s ]
ERR: 无法加载模块:Index

[ 2018-06-21T12:11:19+08:00 ] 127.0.0.1 /index.php/Home/Index/index
INFO: [ app_init ] --START--
INFO: Run Behavior\BuildLiteBehavior [ RunTime:0.000006s ]
INFO: [ app_init ] --END-- [ RunTime:0.000174s ]
ERR: 无法加载模块:Index

[ 2018-06-21T12:11:31+08:00 ] 127.0.0.1 /index.php/Home/Index/index
INFO: [ app_init ] --START--
INFO: Run Behavior\BuildLiteBehavior [ RunTime:0.000006s ]
INFO: [ app_init ] --END-- [ RunTime:0.000184s ]
ERR: 无法加载模块:Index

[ 2018-06-21T12:11:32+08:00 ] 127.0.0.1 /index.php/Home/Index/index
INFO: [ app_init ] --START--
INFO: Run Behavior\BuildLiteBehavior [ RunTime:0.000006s ]
INFO: [ app_init ] --END-- [ RunTime:0.000294s ]
ERR: 无法加载模块:Index

[ 2018-06-21T12:15:45+08:00 ] 127.0.0.1 /index.php/Home
INFO: [ app_init ] --START--
INFO: Run Behavior\BuildLiteBehavior [ RunTime:0.000006s ]
INFO: [ app_init ] --END-- [ RunTime:0.000170s ]
ERR: 无法加载模块:INFO

[ 2018-06-21T12:17:32+08:00 ] 127.0.0.1 /index.php/Home
INFO: [ app_init ] --START--
INFO: Run Behavior\BuildLiteBehavior [ RunTime:0.000007s ]
INFO: [ app_init ] --END-- [ RunTime:0.000317s ]
ERR: 无法加载模块:INFO

[ 2018-06-21T12:17:39+08:00 ] 127.0.0.1 /index.php/Home
INFO: [ app_init ] --START--
INFO: Run Behavior\BuildLiteBehavior [ RunTime:0.000006s ]
INFO: [ app_init ] --END-- [ RunTime:0.000177s ]
ERR: 无法加载模块:INFO

[ 2018-06-21T12:17:46+08:00 ] 127.0.0.1 /index.php/Home/Index/index
INFO: [ app_init ] --START--
INFO: Run Behavior\BuildLiteBehavior [ RunTime:0.000005s ]
INFO: [ app_init ] --END-- [ RunTime:0.000158s ]
ERR: 无法加载模块:Index

[ 2018-06-21T12:19:00+08:00 ] 127.0.0.1 /index.php/Home/Index/index
INFO: [ app_init ] --START--
INFO: Run Behavior\BuildLiteBehavior [ RunTime:0.000007s ]
INFO: [ app_init ] --END-- [ RunTime:0.000203s ]
ERR: 无法加载模块:Index

[ 2018-06-21T12:20:40+08:00 ] 127.0.0.1 /index.php/Home
INFO: [ app_init ] --START--
INFO: Run Behavior\BuildLiteBehavior [ RunTime:0.000005s ]
INFO: [ app_init ] --END-- [ RunTime:0.000157s ]
ERR: 无法加载模块:INFO

[ 2018-06-21T15:27:49+08:00 ] 127.0.0.1 /css/style.css
INFO: [ app_init ] --START--
INFO: Run Behavior\BuildLiteBehavior [ RunTime:0.000007s ]
INFO: [ app_init ] --END-- [ RunTime:0.000210s ]
ERR: 无法加载模块:Css

[ 2018-06-21T15:27:49+08:00 ] 127.0.0.1 /images/logo.gif
INFO: [ app_init ] --START--
INFO: Run Behavior\BuildLiteBehavior [ RunTime:0.000006s ]
INFO: [ app_init ] --END-- [ RunTime:0.000271s ]
ERR: 无法加载模块:Images

[ 2018-06-21T15:27:49+08:00 ] 127.0.0.1 /images/biao6.gif
INFO: [ app_init ] --START--
INFO: Run Behavior\BuildLiteBehavior [ RunTime:0.000006s ]
INFO: [ app_init ] --END-- [ RunTime:0.000250s ]
ERR: 无法加载模块:Images

[ 2018-06-21T15:27:49+08:00 ] 127.0.0.1 /images/biao3.gif
INFO: [ app_init ] --START--
INFO: Run Behavior\BuildLiteBehavior [ RunTime:0.000007s ]
INFO: [ app_init ] --END-- [ RunTime:0.000237s ]
ERR: 无法加载模块:Images

[ 2018-06-21T15:27:49+08:00 ] 127.0.0.1 /images/biao7.gif
INFO: [ app_init ] --START--
INFO: Run Behavior\BuildLiteBehavior [ RunTime:0.000006s ]
INFO: [ app_init ] --END-- [ RunTime:0.000180s ]
ERR: 无法加载模块:Images

[ 2018-06-21T15:27:49+08:00 ] 127.0.0.1 /images/top_1.gif
INFO: [ app_init ] --START--
INFO: Run Behavior\BuildLiteBehavior [ RunTime:0.000007s ]
INFO: [ app_init ] --END-- [ RunTime:0.000246s ]
ERR: 无法加载模块:Images

[ 2018-06-21T15:27:49+08:00 ] 127.0.0.1 /images/3_thumb_G_1241422082679.jpg
INFO: [ app_init ] --START--
INFO: Run Behavior\BuildLiteBehavior [ RunTime:0.000007s ]
INFO: [ app_init ] --END-- [ RunTime:0.000236s ]
ERR: 无法加载模块:Images

[ 2018-06-21T15:27:49+08:00 ] 127.0.0.1 /images/top_2.gif
INFO: [ app_init ] --START--
INFO: Run Behavior\BuildLiteBehavior [ RunTime:0.000008s ]
INFO: [ app_init ] --END-- [ RunTime:0.000226s ]
ERR: 无法加载模块:Images

[ 2018-06-21T15:27:49+08:00 ] 127.0.0.1 /images/24_thumb_G_1241971981429.jpg
INFO: [ app_init ] --START--
INFO: Run Behavior\BuildLiteBehavior [ RunTime:0.000006s ]
INFO: [ app_init ] --END-- [ RunTime:0.000238s ]
ERR: 无法加载模块:Images

[ 2018-06-21T15:27:49+08:00 ] 127.0.0.1 /images/top_3.gif
INFO: [ app_init ] --START--
INFO: Run Behavior\BuildLiteBehavior [ RunTime:0.000007s ]
INFO: [ app_init ] --END-- [ RunTime:0.000245s ]
ERR: 无法加载模块:Images

[ 2018-06-21T15:27:49+08:00 ] 127.0.0.1 /images/12_thumb_G_1241965978410.jpg
INFO: [ app_init ] --START--
INFO: Run Behavior\BuildLiteBehavior [ RunTime:0.000006s ]
INFO: [ app_init ] --END-- [ RunTime:0.000238s ]
ERR: 无法加载模块:Images

[ 2018-06-21T15:27:49+08:00 ] 127.0.0.1 /images/top_4.gif
INFO: [ app_init ] --START--
INFO: Run Behavior\BuildLiteBehavior [ RunTime:0.000005s ]
INFO: [ app_init ] --END-- [ RunTime:0.000202s ]
ERR: 无法加载模块:Images

[ 2018-06-21T15:27:49+08:00 ] 127.0.0.1 /images/top_5.gif
INFO: [ app_init ] --START--
INFO: Run Behavior\BuildLiteBehavior [ RunTime:0.000008s ]
INFO: [ app_init ] --END-- [ RunTime:0.000282s ]
ERR: 无法加载模块:Images

[ 2018-06-21T15:27:49+08:00 ] 127.0.0.1 /images/top_6.gif
INFO: [ app_init ] --START--
INFO: Run Behavior\BuildLiteBehavior [ RunTime:0.000007s ]
INFO: [ app_init ] --END-- [ RunTime:0.000253s ]
ERR: 无法加载模块:Images

[ 2018-06-21T15:27:49+08:00 ] 127.0.0.1 /images/top_7.gif
INFO: [ app_init ] --START--
INFO: Run Behavior\BuildLiteBehavior [ RunTime:0.000007s ]
INFO: [ app_init ] --END-- [ RunTime:0.000264s ]
ERR: 无法加载模块:Images

[ 2018-06-21T15:27:49+08:00 ] 127.0.0.1 /images/1240803062307572427.gif
INFO: [ app_init ] --START--
INFO: Run Behavior\BuildLiteBehavior [ RunTime:0.000005s ]
INFO: [ app_init ] --END-- [ RunTime:0.000160s ]
ERR: 无法加载模块:Images

[ 2018-06-21T15:27:49+08:00 ] 127.0.0.1 /images/1240802922410634065.gif
INFO: [ app_init ] --START--
INFO: Run Behavior\BuildLiteBehavior [ RunTime:0.000005s ]
INFO: [ app_init ] --END-- [ RunTime:0.000166s ]
ERR: 无法加载模块:Images

[ 2018-06-21T15:27:49+08:00 ] 127.0.0.1 /images/1240803144788047486.gif
INFO: [ app_init ] --START--
INFO: Run Behavior\BuildLiteBehavior [ RunTime:0.000005s ]
INFO: [ app_init ] --END-- [ RunTime:0.000160s ]
ERR: 无法加载模块:Images

[ 2018-06-21T15:27:49+08:00 ] 127.0.0.1 /images/111.jpg
INFO: [ app_init ] --START--
INFO: Run Behavior\BuildLiteBehavior [ RunTime:0.000006s ]
INFO: [ app_init ] --END-- [ RunTime:0.000222s ]
ERR: 无法加载模块:Images

[ 2018-06-21T15:27:49+08:00 ] 127.0.0.1 /images/9_thumb_G_1241511871555.jpg
INFO: [ app_init ] --START--
INFO: Run Behavior\BuildLiteBehavior [ RunTime:0.000006s ]
INFO: [ app_init ] --END-- [ RunTime:0.000314s ]
ERR: 无法加载模块:Images

[ 2018-06-21T15:27:49+08:00 ] 127.0.0.1 /images/1_thumb_G_1240902890710.jpg
INFO: [ app_init ] --START--
INFO: Run Behavior\BuildLiteBehavior [ RunTime:0.000006s ]
INFO: [ app_init ] --END-- [ RunTime:0.000166s ]
ERR: 无法加载模块:Images

[ 2018-06-21T15:27:49+08:00 ] 127.0.0.1 /images/8_thumb_G_1241425513488.jpg
INFO: [ app_init ] --START--
INFO: Run Behavior\BuildLiteBehavior [ RunTime:0.000005s ]
INFO: [ app_init ] --END-- [ RunTime:0.000173s ]
ERR: 无法加载模块:Images

[ 2018-06-21T15:27:49+08:00 ] 127.0.0.1 /images/di.jpg
INFO: [ app_init ] --START--
INFO: Run Behavior\BuildLiteBehavior [ RunTime:0.000005s ]
INFO: [ app_init ] --END-- [ RunTime:0.000157s ]
ERR: 无法加载模块:Images

[ 2018-06-21T15:27:49+08:00 ] 127.0.0.1 /images/ecmoban_link.jpg
INFO: [ app_init ] --START--
INFO: Run Behavior\BuildLiteBehavior [ RunTime:0.000005s ]
INFO: [ app_init ] --END-- [ RunTime:0.000157s ]
ERR: 无法加载模块:Images

[ 2018-06-21T15:27:49+08:00 ] 127.0.0.1 /images/yongda_logo.gif
INFO: [ app_init ] --START--
INFO: Run Behavior\BuildLiteBehavior [ RunTime:0.000005s ]
INFO: [ app_init ] --END-- [ RunTime:0.000180s ]
ERR: 无法加载模块:Images

[ 2018-06-21T15:27:49+08:00 ] 127.0.0.1 /images/sousuo.gif
INFO: [ app_init ] --START--
INFO: Run Behavior\BuildLiteBehavior [ RunTime:0.000005s ]
INFO: [ app_init ] --END-- [ RunTime:0.000165s ]
ERR: 无法加载模块:Images

[ 2018-06-21T15:29:31+08:00 ] 127.0.0.1 /css/style.css
INFO: [ app_init ] --START--
INFO: Run Behavior\BuildLiteBehavior [ RunTime:0.000006s ]
INFO: [ app_init ] --END-- [ RunTime:0.000177s ]
ERR: 无法加载模块:Css

[ 2018-06-21T15:29:31+08:00 ] 127.0.0.1 /images/logo.gif
INFO: [ app_init ] --START--
INFO: Run Behavior\BuildLiteBehavior [ RunTime:0.000005s ]
INFO: [ app_init ] --END-- [ RunTime:0.000164s ]
ERR: 无法加载模块:Images

[ 2018-06-21T15:29:31+08:00 ] 127.0.0.1 /images/biao3.gif
INFO: [ app_init ] --START--
INFO: Run Behavior\BuildLiteBehavior [ RunTime:0.000007s ]
INFO: [ app_init ] --END-- [ RunTime:0.000289s ]
ERR: 无法加载模块:Images

[ 2018-06-21T15:29:31+08:00 ] 127.0.0.1 /images/biao6.gif
INFO: [ app_init ] --START--
INFO: Run Behavior\BuildLiteBehavior [ RunTime:0.000006s ]
INFO: [ app_init ] --END-- [ RunTime:0.000285s ]
ERR: 无法加载模块:Images

[ 2018-06-21T15:29:31+08:00 ] 127.0.0.1 /images/top_1.gif
INFO: [ app_init ] --START--
INFO: Run Behavior\BuildLiteBehavior [ RunTime:0.000006s ]
INFO: [ app_init ] --END-- [ RunTime:0.000222s ]
ERR: 无法加载模块:Images

[ 2018-06-21T15:29:31+08:00 ] 127.0.0.1 /images/biao7.gif
INFO: [ app_init ] --START--
INFO: Run Behavior\BuildLiteBehavior [ RunTime:0.000005s ]
INFO: [ app_init ] --END-- [ RunTime:0.000165s ]
ERR: 无法加载模块:Images

[ 2018-06-21T15:29:31+08:00 ] 127.0.0.1 /images/3_thumb_G_1241422082679.jpg
INFO: [ app_init ] --START--
INFO: Run Behavior\BuildLiteBehavior [ RunTime:0.000008s ]
INFO: [ app_init ] --END-- [ RunTime:0.000363s ]
ERR: 无法加载模块:Images

[ 2018-06-21T15:29:31+08:00 ] 127.0.0.1 /images/top_2.gif
INFO: [ app_init ] --START--
INFO: Run Behavior\BuildLiteBehavior [ RunTime:0.000009s ]
INFO: [ app_init ] --END-- [ RunTime:0.000273s ]
ERR: 无法加载模块:Images

[ 2018-06-21T15:29:31+08:00 ] 127.0.0.1 /images/sousuo.gif
INFO: [ app_init ] --START--
INFO: Run Behavior\BuildLiteBehavior [ RunTime:0.000005s ]
INFO: [ app_init ] --END-- [ RunTime:0.000149s ]
ERR: 无法加载模块:Images

[ 2018-06-21T15:29:31+08:00 ] 127.0.0.1 /images/24_thumb_G_1241971981429.jpg
INFO: [ app_init ] --START--
INFO: Run Behavior\BuildLiteBehavior [ RunTime:0.000004s ]
INFO: [ app_init ] --END-- [ RunTime:0.000170s ]
ERR: 无法加载模块:Images

[ 2018-06-21T15:29:31+08:00 ] 127.0.0.1 /images/top_3.gif
INFO: [ app_init ] --START--
INFO: Run Behavior\BuildLiteBehavior [ RunTime:0.000006s ]
INFO: [ app_init ] --END-- [ RunTime:0.000164s ]
ERR: 无法加载模块:Images

[ 2018-06-21T15:29:31+08:00 ] 127.0.0.1 /images/12_thumb_G_1241965978410.jpg
INFO: [ app_init ] --START--
INFO: Run Behavior\BuildLiteBehavior [ RunTime:0.000005s ]
INFO: [ app_init ] --END-- [ RunTime:0.000167s ]
ERR: 无法加载模块:Images

[ 2018-06-21T15:29:31+08:00 ] 127.0.0.1 /images/top_5.gif
INFO: [ app_init ] --START--
INFO: Run Behavior\BuildLiteBehavior [ RunTime:0.000005s ]
INFO: [ app_init ] --END-- [ RunTime:0.000148s ]
ERR: 无法加载模块:Images

[ 2018-06-21T15:29:31+08:00 ] 127.0.0.1 /images/top_4.gif
INFO: [ app_init ] --START--
INFO: Run Behavior\BuildLiteBehavior [ RunTime:0.000004s ]
INFO: [ app_init ] --END-- [ RunTime:0.000147s ]
ERR: 无法加载模块:Images

[ 2018-06-21T15:29:31+08:00 ] 127.0.0.1 /images/top_6.gif
INFO: [ app_init ] --START--
INFO: Run Behavior\BuildLiteBehavior [ RunTime:0.000006s ]
INFO: [ app_init ] --END-- [ RunTime:0.000167s ]
ERR: 无法加载模块:Images

[ 2018-06-21T15:29:31+08:00 ] 127.0.0.1 /images/top_7.gif
INFO: [ app_init ] --START--
INFO: Run Behavior\BuildLiteBehavior [ RunTime:0.000005s ]
INFO: [ app_init ] --END-- [ RunTime:0.000163s ]
ERR: 无法加载模块:Images

[ 2018-06-21T15:29:31+08:00 ] 127.0.0.1 /images/1240803062307572427.gif
INFO: [ app_init ] --START--
INFO: Run Behavior\BuildLiteBehavior [ RunTime:0.000007s ]
INFO: [ app_init ] --END-- [ RunTime:0.000177s ]
ERR: 无法加载模块:Images

[ 2018-06-21T15:29:31+08:00 ] 127.0.0.1 /images/1240802922410634065.gif
INFO: [ app_init ] --START--
INFO: Run Behavior\BuildLiteBehavior [ RunTime:0.000006s ]
INFO: [ app_init ] --END-- [ RunTime:0.000185s ]
ERR: 无法加载模块:Images

[ 2018-06-21T15:29:31+08:00 ] 127.0.0.1 /images/1240803144788047486.gif
INFO: [ app_init ] --START--
INFO: Run Behavior\BuildLiteBehavior [ RunTime:0.000005s ]
INFO: [ app_init ] --END-- [ RunTime:0.000152s ]
ERR: 无法加载模块:Images

[ 2018-06-21T15:29:31+08:00 ] 127.0.0.1 /images/111.jpg
INFO: [ app_init ] --START--
INFO: Run Behavior\BuildLiteBehavior [ RunTime:0.000005s ]
INFO: [ app_init ] --END-- [ RunTime:0.000152s ]
ERR: 无法加载模块:Images

[ 2018-06-21T15:29:31+08:00 ] 127.0.0.1 /images/9_thumb_G_1241511871555.jpg
INFO: [ app_init ] --START--
INFO: Run Behavior\BuildLiteBehavior [ RunTime:0.000007s ]
INFO: [ app_init ] --END-- [ RunTime:0.000355s ]
ERR: 无法加载模块:Images

[ 2018-06-21T15:29:31+08:00 ] 127.0.0.1 /images/1_thumb_G_1240902890710.jpg
INFO: [ app_init ] --START--
INFO: Run Behavior\BuildLiteBehavior [ RunTime:0.000005s ]
INFO: [ app_init ] --END-- [ RunTime:0.000189s ]
ERR: 无法加载模块:Images

[ 2018-06-21T15:29:31+08:00 ] 127.0.0.1 /images/8_thumb_G_1241425513488.jpg
INFO: [ app_init ] --START--
INFO: Run Behavior\BuildLiteBehavior [ RunTime:0.000005s ]
INFO: [ app_init ] --END-- [ RunTime:0.000155s ]
ERR: 无法加载模块:Images

[ 2018-06-21T15:29:31+08:00 ] 127.0.0.1 /images/di.jpg
INFO: [ app_init ] --START--
INFO: Run Behavior\BuildLiteBehavior [ RunTime:0.000005s ]
INFO: [ app_init ] --END-- [ RunTime:0.000168s ]
ERR: 无法加载模块:Images

[ 2018-06-21T15:29:31+08:00 ] 127.0.0.1 /images/ecmoban_link.jpg
INFO: [ app_init ] --START--
INFO: Run Behavior\BuildLiteBehavior [ RunTime:0.000006s ]
INFO: [ app_init ] --END-- [ RunTime:0.000341s ]
ERR: 无法加载模块:Images

[ 2018-06-21T15:29:31+08:00 ] 127.0.0.1 /images/yongda_logo.gif
INFO: [ app_init ] --START--
INFO: Run Behavior\BuildLiteBehavior [ RunTime:0.000007s ]
INFO: [ app_init ] --END-- [ RunTime:0.000226s ]
ERR: 无法加载模块:Images

[ 2018-06-21T15:29:32+08:00 ] 127.0.0.1 /css/style.css
INFO: [ app_init ] --START--
INFO: Run Behavior\BuildLiteBehavior [ RunTime:0.000006s ]
INFO: [ app_init ] --END-- [ RunTime:0.000197s ]
ERR: 无法加载模块:Css

[ 2018-06-21T15:29:32+08:00 ] 127.0.0.1 /images/logo.gif
INFO: [ app_init ] --START--
INFO: Run Behavior\BuildLiteBehavior [ RunTime:0.000006s ]
INFO: [ app_init ] --END-- [ RunTime:0.000158s ]
ERR: 无法加载模块:Images

[ 2018-06-21T15:29:32+08:00 ] 127.0.0.1 /images/biao6.gif
INFO: [ app_init ] --START--
INFO: Run Behavior\BuildLiteBehavior [ RunTime:0.000005s ]
INFO: [ app_init ] --END-- [ RunTime:0.000157s ]
ERR: 无法加载模块:Images

[ 2018-06-21T15:29:32+08:00 ] 127.0.0.1 /images/biao3.gif
INFO: [ app_init ] --START--
INFO: Run Behavior\BuildLiteBehavior [ RunTime:0.000005s ]
INFO: [ app_init ] --END-- [ RunTime:0.000162s ]
ERR: 无法加载模块:Images

[ 2018-06-21T15:29:32+08:00 ] 127.0.0.1 /images/biao7.gif
INFO: [ app_init ] --START--
INFO: Run Behavior\BuildLiteBehavior [ RunTime:0.000007s ]
INFO: [ app_init ] --END-- [ RunTime:0.000212s ]
ERR: 无法加载模块:Images

[ 2018-06-21T15:29:32+08:00 ] 127.0.0.1 /images/top_1.gif
INFO: [ app_init ] --START--
INFO: Run Behavior\BuildLiteBehavior [ RunTime:0.000030s ]
INFO: [ app_init ] --END-- [ RunTime:0.000326s ]
ERR: 无法加载模块:Images

[ 2018-06-21T15:29:32+08:00 ] 127.0.0.1 /images/3_thumb_G_1241422082679.jpg
INFO: [ app_init ] --START--
INFO: Run Behavior\BuildLiteBehavior [ RunTime:0.000006s ]
INFO: [ app_init ] --END-- [ RunTime:0.000177s ]
ERR: 无法加载模块:Images

[ 2018-06-21T15:29:32+08:00 ] 127.0.0.1 /images/top_2.gif
INFO: [ app_init ] --START--
INFO: Run Behavior\BuildLiteBehavior [ RunTime:0.000009s ]
INFO: [ app_init ] --END-- [ RunTime:0.000301s ]
ERR: 无法加载模块:Images

[ 2018-06-21T15:29:32+08:00 ] 127.0.0.1 /images/24_thumb_G_1241971981429.jpg
INFO: [ app_init ] --START--
INFO: Run Behavior\BuildLiteBehavior [ RunTime:0.000005s ]
INFO: [ app_init ] --END-- [ RunTime:0.000159s ]
ERR: 无法加载模块:Images

[ 2018-06-21T15:29:32+08:00 ] 127.0.0.1 /images/sousuo.gif
INFO: [ app_init ] --START--
INFO: Run Behavior\BuildLiteBehavior [ RunTime:0.000005s ]
INFO: [ app_init ] --END-- [ RunTime:0.000154s ]
ERR: 无法加载模块:Images

[ 2018-06-21T15:29:32+08:00 ] 127.0.0.1 /images/top_3.gif
INFO: [ app_init ] --START--
INFO: Run Behavior\BuildLiteBehavior [ RunTime:0.000006s ]
INFO: [ app_init ] --END-- [ RunTime:0.000169s ]
ERR: 无法加载模块:Images

[ 2018-06-21T15:29:32+08:00 ] 127.0.0.1 /images/12_thumb_G_1241965978410.jpg
INFO: [ app_init ] --START--
INFO: Run Behavior\BuildLiteBehavior [ RunTime:0.000006s ]
INFO: [ app_init ] --END-- [ RunTime:0.000194s ]
ERR: 无法加载模块:Images

[ 2018-06-21T15:29:32+08:00 ] 127.0.0.1 /images/top_4.gif
INFO: [ app_init ] --START--
INFO: Run Behavior\BuildLiteBehavior [ RunTime:0.000018s ]
INFO: [ app_init ] --END-- [ RunTime:0.000212s ]
ERR: 无法加载模块:Images

[ 2018-06-21T15:29:32+08:00 ] 127.0.0.1 /images/top_5.gif
INFO: [ app_init ] --START--
INFO: Run Behavior\BuildLiteBehavior [ RunTime:0.000005s ]
INFO: [ app_init ] --END-- [ RunTime:0.000173s ]
ERR: 无法加载模块:Images

[ 2018-06-21T15:29:32+08:00 ] 127.0.0.1 /images/top_6.gif
INFO: [ app_init ] --START--
INFO: Run Behavior\BuildLiteBehavior [ RunTime:0.000005s ]
INFO: [ app_init ] --END-- [ RunTime:0.000163s ]
ERR: 无法加载模块:Images

[ 2018-06-21T15:29:32+08:00 ] 127.0.0.1 /images/top_7.gif
INFO: [ app_init ] --START--
INFO: Run Behavior\BuildLiteBehavior [ RunTime:0.000006s ]
INFO: [ app_init ] --END-- [ RunTime:0.000162s ]
ERR: 无法加载模块:Images

[ 2018-06-21T15:29:32+08:00 ] 127.0.0.1 /images/1240803062307572427.gif
INFO: [ app_init ] --START--
INFO: Run Behavior\BuildLiteBehavior [ RunTime:0.000007s ]
INFO: [ app_init ] --END-- [ RunTime:0.000164s ]
ERR: 无法加载模块:Images

[ 2018-06-21T15:29:32+08:00 ] 127.0.0.1 /images/1240802922410634065.gif
INFO: [ app_init ] --START--
INFO: Run Behavior\BuildLiteBehavior [ RunTime:0.000006s ]
INFO: [ app_init ] --END-- [ RunTime:0.000188s ]
ERR: 无法加载模块:Images

[ 2018-06-21T15:29:32+08:00 ] 127.0.0.1 /images/1240803144788047486.gif
INFO: [ app_init ] --START--
INFO: Run Behavior\BuildLiteBehavior [ RunTime:0.000005s ]
INFO: [ app_init ] --END-- [ RunTime:0.000164s ]
ERR: 无法加载模块:Images

[ 2018-06-21T15:29:32+08:00 ] 127.0.0.1 /images/111.jpg
INFO: [ app_init ] --START--
INFO: Run Behavior\BuildLiteBehavior [ RunTime:0.000005s ]
INFO: [ app_init ] --END-- [ RunTime:0.000162s ]
ERR: 无法加载模块:Images

[ 2018-06-21T15:29:32+08:00 ] 127.0.0.1 /images/9_thumb_G_1241511871555.jpg
INFO: [ app_init ] --START--
INFO: Run Behavior\BuildLiteBehavior [ RunTime:0.000006s ]
INFO: [ app_init ] --END-- [ RunTime:0.000165s ]
ERR: 无法加载模块:Images

[ 2018-06-21T15:29:32+08:00 ] 127.0.0.1 /images/1_thumb_G_1240902890710.jpg
INFO: [ app_init ] --START--
INFO: Run Behavior\BuildLiteBehavior [ RunTime:0.000007s ]
INFO: [ app_init ] --END-- [ RunTime:0.000195s ]
ERR: 无法加载模块:Images

[ 2018-06-21T15:29:32+08:00 ] 127.0.0.1 /images/8_thumb_G_1241425513488.jpg
INFO: [ app_init ] --START--
INFO: Run Behavior\BuildLiteBehavior [ RunTime:0.000007s ]
INFO: [ app_init ] --END-- [ RunTime:0.000187s ]
ERR: 无法加载模块:Images

[ 2018-06-21T15:29:32+08:00 ] 127.0.0.1 /images/di.jpg
INFO: [ app_init ] --START--
INFO: Run Behavior\BuildLiteBehavior [ RunTime:0.000007s ]
INFO: [ app_init ] --END-- [ RunTime:0.000189s ]
ERR: 无法加载模块:Images

[ 2018-06-21T15:29:32+08:00 ] 127.0.0.1 /images/ecmoban_link.jpg
INFO: [ app_init ] --START--
INFO: Run Behavior\BuildLiteBehavior [ RunTime:0.000008s ]
INFO: [ app_init ] --END-- [ RunTime:0.000424s ]
ERR: 无法加载模块:Images

[ 2018-06-21T15:29:32+08:00 ] 127.0.0.1 /images/yongda_logo.gif
INFO: [ app_init ] --START--
INFO: Run Behavior\BuildLiteBehavior [ RunTime:0.000008s ]
INFO: [ app_init ] --END-- [ RunTime:0.000299s ]
ERR: 无法加载模块:Images

[ 2018-06-21T15:29:34+08:00 ] 127.0.0.1 /Application/Public/images/ecmoban_link.jpg
INFO: [ app_init ] --START--
INFO: Run Behavior\BuildLiteBehavior [ RunTime:0.000006s ]
INFO: [ app_init ] --END-- [ RunTime:0.000176s ]
ERR: 无法加载模块:Application

[ 2018-06-21T15:29:34+08:00 ] 127.0.0.1 /Application/Public/images/yongda_logo.gif
INFO: [ app_init ] --START--
INFO: Run Behavior\BuildLiteBehavior [ RunTime:0.000005s ]
INFO: [ app_init ] --END-- [ RunTime:0.000171s ]
ERR: 无法加载模块:Application

[ 2018-06-21T15:29:34+08:00 ] 127.0.0.1 /Application/Public/image/tit3.gif
INFO: [ app_init ] --START--
INFO: Run Behavior\BuildLiteBehavior [ RunTime:0.000005s ]
INFO: [ app_init ] --END-- [ RunTime:0.000170s ]
ERR: 无法加载模块:Application

[ 2018-06-21T15:29:34+08:00 ] 127.0.0.1 /Application/Public/image/bg.gif
INFO: [ app_init ] --START--
INFO: Run Behavior\BuildLiteBehavior [ RunTime:0.000005s ]
INFO: [ app_init ] --END-- [ RunTime:0.000161s ]
ERR: 无法加载模块:Application

[ 2018-06-21T15:29:34+08:00 ] 127.0.0.1 /Application/Public/image/header_bg.gif
INFO: [ app_init ] --START--
INFO: Run Behavior\BuildLiteBehavior [ RunTime:0.000005s ]
INFO: [ app_init ] --END-- [ RunTime:0.000165s ]
ERR: 无法加载模块:Application

[ 2018-06-21T15:29:34+08:00 ] 127.0.0.1 /Application/Public/image/inputbg.gif
INFO: [ app_init ] --START--
INFO: Run Behavior\BuildLiteBehavior [ RunTime:0.000005s ]
INFO: [ app_init ] --END-- [ RunTime:0.000162s ]
ERR: 无法加载模块:Application

[ 2018-06-21T15:29:34+08:00 ] 127.0.0.1 /Application/Public/image/NavBg.gif
INFO: [ app_init ] --START--
INFO: Run Behavior\BuildLiteBehavior [ RunTime:0.000005s ]
INFO: [ app_init ] --END-- [ RunTime:0.000170s ]
ERR: 无法加载模块:Application

[ 2018-06-21T15:29:40+08:00 ] 127.0.0.1 /Application/Public/images/yongda_logo.gif
INFO: [ app_init ] --START--
INFO: Run Behavior\BuildLiteBehavior [ RunTime:0.000006s ]
INFO: [ app_init ] --END-- [ RunTime:0.000156s ]
ERR: 无法加载模块:Application

[ 2018-06-21T15:29:40+08:00 ] 127.0.0.1 /Application/Public/images/ecmoban_link.jpg
INFO: [ app_init ] --START--
INFO: Run Behavior\BuildLiteBehavior [ RunTime:0.000005s ]
INFO: [ app_init ] --END-- [ RunTime:0.000188s ]
ERR: 无法加载模块:Application

[ 2018-06-21T15:29:40+08:00 ] 127.0.0.1 /Application/Public/image/tit3.gif
INFO: [ app_init ] --START--
INFO: Run Behavior\BuildLiteBehavior [ RunTime:0.000006s ]
INFO: [ app_init ] --END-- [ RunTime:0.000158s ]
ERR: 无法加载模块:Application

[ 2018-06-21T15:29:40+08:00 ] 127.0.0.1 /Application/Public/image/bg.gif
INFO: [ app_init ] --START--
INFO: Run Behavior\BuildLiteBehavior [ RunTime:0.000005s ]
INFO: [ app_init ] --END-- [ RunTime:0.000161s ]
ERR: 无法加载模块:Application

[ 2018-06-21T15:29:40+08:00 ] 127.0.0.1 /Application/Public/image/inputbg.gif
INFO: [ app_init ] --START--
INFO: Run Behavior\BuildLiteBehavior [ RunTime:0.000006s ]
INFO: [ app_init ] --END-- [ RunTime:0.000213s ]
ERR: 无法加载模块:Application

[ 2018-06-21T15:29:40+08:00 ] 127.0.0.1 /Application/Public/image/header_bg.gif
INFO: [ app_init ] --START--
INFO: Run Behavior\BuildLiteBehavior [ RunTime:0.000006s ]
INFO: [ app_init ] --END-- [ RunTime:0.000241s ]
ERR: 无法加载模块:Application

[ 2018-06-21T15:29:40+08:00 ] 127.0.0.1 /Application/Public/image/NavBg.gif
INFO: [ app_init ] --START--
INFO: Run Behavior\BuildLiteBehavior [ RunTime:0.000005s ]
INFO: [ app_init ] --END-- [ RunTime:0.000155s ]
ERR: 无法加载模块:Application

[ 2018-06-21T15:44:32+08:00 ] 127.0.0.1 /Application/Public/images/yongda_logo.gif
INFO: [ app_init ] --START--
INFO: Run Behavior\BuildLiteBehavior [ RunTime:0.000006s ]
INFO: [ app_init ] --END-- [ RunTime:0.000156s ]
ERR: 无法加载模块:Application

[ 2018-06-21T15:44:32+08:00 ] 127.0.0.1 /Application/Public/images/ecmoban_link.jpg
INFO: [ app_init ] --START--
INFO: Run Behavior\BuildLiteBehavior [ RunTime:0.000005s ]
INFO: [ app_init ] --END-- [ RunTime:0.000156s ]
ERR: 无法加载模块:Application

[ 2018-06-21T15:44:32+08:00 ] 127.0.0.1 /Application/Public/image/tit3.gif
INFO: [ app_init ] --START--
INFO: Run Behavior\BuildLiteBehavior [ RunTime:0.000017s ]
INFO: [ app_init ] --END-- [ RunTime:0.000243s ]
ERR: 无法加载模块:Application

[ 2018-06-21T15:44:32+08:00 ] 127.0.0.1 /Application/Public/image/bg.gif
INFO: [ app_init ] --START--
INFO: Run Behavior\BuildLiteBehavior [ RunTime:0.000007s ]
INFO: [ app_init ] --END-- [ RunTime:0.000254s ]
ERR: 无法加载模块:Application

[ 2018-06-21T15:44:32+08:00 ] 127.0.0.1 /Application/Public/image/inputbg.gif
INFO: [ app_init ] --START--
INFO: Run Behavior\BuildLiteBehavior [ RunTime:0.000007s ]
INFO: [ app_init ] --END-- [ RunTime:0.000285s ]
ERR: 无法加载模块:Application

[ 2018-06-21T15:44:32+08:00 ] 127.0.0.1 /Application/Public/image/header_bg.gif
INFO: [ app_init ] --START--
INFO: Run Behavior\BuildLiteBehavior [ RunTime:0.000005s ]
INFO: [ app_init ] --END-- [ RunTime:0.000152s ]
ERR: 无法加载模块:Application

[ 2018-06-21T15:44:32+08:00 ] 127.0.0.1 /Application/Public/image/NavBg.gif
INFO: [ app_init ] --START--
INFO: Run Behavior\BuildLiteBehavior [ RunTime:0.000005s ]
INFO: [ app_init ] --END-- [ RunTime:0.000152s ]
ERR: 无法加载模块:Application

